Flight CA890(Beijing) is ready for check-in at 06:05.
No.1    ORD919556: Luke Sanchez has been added to the waiting queue at 06:05.
No.2    ORD288723: Isabelle Sanchez has been added to the waiting queue at 06:05.
No.3    ORD417824: Oliver Adams has been added to the waiting queue at 06:05.
No.4    ORD256998: Michael Hall has been added to the waiting queue at 06:05.
No.5    ORD455005: Logan Nguyen has been added to the waiting queue at 06:05.
No.6    ORD341879: Michael Torres has been added to the waiting queue at 06:05.
No.7    ORD675800: Christopher King has been added to the waiting queue at 06:05.
No.8    ORD794036: Matthew Garcia has been added to the waiting queue at 06:05.
No.9    ORD355398: Natalie Green has been added to the waiting queue at 06:05.
No.10   ORD796202: Natalie Ramirez has been added to the waiting queue at 06:05.
No.11   ORD728998: Grace Martin has been added to the waiting queue at 06:05.
No.12   ORD399316: Grace Lopez has been added to the waiting queue at 06:05.
No.13   ORD641905: Leah Baker has been added to the waiting queue at 06:05.
No.14   ORD387354: Luke White has been added to the waiting queue at 06:05.
No.15   ORD666224: Alexander Lewis has been added to the waiting queue at 06:05.
No.16   ORD081655: Alexander Smith has been added to the waiting queue at 06:05.
No.17   ORD290945: Nathan Baker has been added to the waiting queue at 06:05.
No.18   ORD371778: Jane Lewis has been added to the waiting queue at 06:05.
No.19   ORD833458: Olivia Lee has been added to the waiting queue at 06:05.
No.1    ORD919556: Successfully check in at 06:07.
No.20   ORD253946: Chloe White has been added to the waiting queue at 06:08.
No.21   ORD422283: Ethan Gonzalez has been added to the waiting queue at 06:08.
No.22   ORD489412: Olivia Davis has been added to the waiting queue at 06:08.
No.2    ORD288723: Successfully check in at 06:08.
No.3    ORD417824: Successfully check in at 06:09.
No.23   ORD190276: David Davis has been added to the waiting queue at 06:10.
No.4    ORD256998: Successfully check in at 06:10.
No.24   ORD143039: Liam Garcia has been added to the waiting queue at 06:11.
No.5    ORD455005: Successfully check in at 06:11.
No.6    ORD341879: Successfully check in at 06:12.
No.7    ORD675800: Successfully check in at 06:13.
No.8    ORD794036: Successfully check in at 06:15.
No.25   ORD259038: Natalie Lewis has been added to the waiting queue at 06:15.
No.26   ORD952902: James Nelson has been added to the waiting queue at 06:15.
No.9    ORD355398: Successfully check in at 06:16.
No.27   ORD636815: Alice White has been added to the waiting queue at 06:16.
No.10   ORD796202: Successfully check in at 06:17.
No.28   ORD527829: Michael Garcia has been added to the waiting queue at 06:18.
No.11   ORD728998: Successfully check in at 06:18.
No.12   ORD399316: Successfully check in at 06:19.
Flight HU160(Shanghai) is ready for check-in at 06:20.
No.29   ORD293233: Henry Torres has been added to the waiting queue at 06:20.
No.30   ORD592473: Amelia Phillips has been added to the waiting queue at 06:20.
No.31   ORD313843: Oliver Perez has been added to the waiting queue at 06:20.
No.32   ORD606179: Luke Rodriguez has been added to the waiting queue at 06:20.
No.33   ORD236319: Logan Perez has been added to the waiting queue at 06:20.
No.34   ORD748236: Alexander Sanchez has been added to the waiting queue at 06:20.
No.35   ORD994975: Grace Hernandez has been added to the waiting queue at 06:20.
No.36   ORD561135: Gavin Brown has been added to the waiting queue at 06:20.
No.37   ORD499431: Lucas Scott has been added to the waiting queue at 06:20.
No.38   ORD268930: Alexander Thompson has been added to the waiting queue at 06:20.
No.39   ORD329186: Benjamin Flores has been added to the waiting queue at 06:20.
No.40   ORD238248: Madison Martinez has been added to the waiting queue at 06:20.
No.41   ORD742529: Isabelle Hill has been added to the waiting queue at 06:20.
No.42   ORD578611: Sophia Johnson has been added to the waiting queue at 06:20.
No.43   ORD672022: John Scott has been added to the waiting queue at 06:20.
No.44   ORD062317: Lucas Mitchell has been added to the waiting queue at 06:20.
No.45   ORD039049: Avery Lewis has been added to the waiting queue at 06:20.
No.46   ORD185394: Elizabeth Phillips has been added to the waiting queue at 06:20.
No.47   ORD728391: Luke Thomas has been added to the waiting queue at 06:20.
No.48   ORD066258: Sophia Davis has been added to the waiting queue at 06:20.
No.49   ORD056906: Jacob Adams has been added to the waiting queue at 06:20.
No.50   ORD310842: Olivia Lee has been added to the waiting queue at 06:20.
No.51   ORD293219: Noah Nguyen has been added to the waiting queue at 06:20.
No.52   ORD866754: Sofia Hill has been added to the waiting queue at 06:20.
No.53   ORD188811: Emily Harris has been added to the waiting queue at 06:20.
No.13   ORD641905: Successfully check in at 06:20.
No.14   ORD387354: Successfully check in at 06:20.
No.15   ORD666224: Successfully check in at 06:21.
No.16   ORD081655: Successfully check in at 06:22.
No.17   ORD290945: Successfully check in at 06:22.
No.54   ORD240803: Benjamin Carter has been added to the waiting queue at 06:23.
No.55   ORD140386: Jane Phillips has been added to the waiting queue at 06:23.
No.56   ORD316554: Jack Smith has been added to the waiting queue at 06:23.
No.57   ORD539041: Grace Gonzalez has been added to the waiting queue at 06:23.
No.18   ORD371778: Successfully check in at 06:23.
No.19   ORD833458: Successfully check in at 06:23.
No.21   ORD422283: Successfully check in at 06:24.
No.20   ORD253946: Successfully check in at 06:24.
No.58   ORD985085: Natalie Mitchell has been added to the waiting queue at 06:25.
No.59   ORD423905: Ethan Wright has been added to the waiting queue at 06:25.
No.60   ORD850443: David Wright has been added to the waiting queue at 06:25.
No.22   ORD489412: Successfully check in at 06:25.
No.23   ORD190276: Successfully check in at 06:25.
No.24   ORD143039: Successfully check in at 06:26.
No.61   ORD195322: Jacob Flores has been added to the waiting queue at 06:26.
No.25   ORD259038: Successfully check in at 06:26.
No.62   ORD304656: Ella Gomez has been added to the waiting queue at 06:27.
No.26   ORD952902: Successfully check in at 06:27.
No.27   ORD636815: Successfully check in at 06:27.
No.28   ORD527829: Successfully check in at 06:28.
No.29   ORD293233: Successfully check in at 06:28.
No.63   ORD385024: Michael Adams has been added to the waiting queue at 06:29.
No.31   ORD313843: Successfully check in at 06:29.
No.30   ORD592473: Successfully check in at 06:29.
No.64   ORD369942: Ella Carter has been added to the waiting queue at 06:30.
No.65   ORD632473: Natalie Martin has been added to the waiting queue at 06:30.
No.66   ORD401970: Mia King has been added to the waiting queue at 06:30.
No.67   ORD118756: Jane Allen has been added to the waiting queue at 06:30.
No.68   ORD993240: Caleb Allen has been added to the waiting queue at 06:30.
No.32   ORD606179: Successfully check in at 06:30.
No.33   ORD236319: Successfully check in at 06:30.
No.69   ORD210771: Mason Davis has been added to the waiting queue at 06:31.
No.34   ORD748236: Successfully check in at 06:31.
No.35   ORD994975: Successfully check in at 06:31.
No.36   ORD561135: Successfully check in at 06:32.
No.37   ORD499431: Successfully check in at 06:32.
No.39   ORD329186: Successfully check in at 06:33.
No.38   ORD268930: Successfully check in at 06:33.
No.40   ORD238248: Successfully check in at 06:34.
No.70   ORD705833: Jane Martin has been added to the waiting queue at 06:34.
No.71   ORD623755: David Scott has been added to the waiting queue at 06:34.
No.72   ORD964837: David Lee has been added to the waiting queue at 06:34.
No.41   ORD742529: Successfully check in at 06:34.
No.43   ORD672022: Successfully check in at 06:35.
No.42   ORD578611: Successfully check in at 06:35.
No.73   ORD150239: Liam Thompson has been added to the waiting queue at 06:35.
No.74   ORD889928: Sophia Garcia has been added to the waiting queue at 06:35.
No.75   ORD319782: Luke King has been added to the waiting queue at 06:35.
No.76   ORD716198: David Johnson has been added to the waiting queue at 06:35.
No.77   ORD250389: Jacob Johnson has been added to the waiting queue at 06:35.
No.78   ORD423018: Elizabeth Johnson has been added to the waiting queue at 06:35.
No.44   ORD062317: Successfully check in at 06:36.
No.79   ORD161669: Michael Wilson has been added to the waiting queue at 06:36.
No.45   ORD039049: Successfully check in at 06:36.
No.46   ORD185394: Successfully check in at 06:36.
No.80   ORD252547: Nathan Gomez has been added to the waiting queue at 06:37.
No.47   ORD728391: Successfully check in at 06:37.
No.48   ORD066258: Successfully check in at 06:38.
No.81   ORD596259: Chloe Hall has been added to the waiting queue at 06:38.
No.49   ORD056906: Successfully check in at 06:38.
No.50   ORD310842: Successfully check in at 06:39.
No.82   ORD470304: Jack Hernandez has been added to the waiting queue at 06:39.
No.51   ORD293219: Successfully check in at 06:39.
No.52   ORD866754: Successfully check in at 06:39.
No.83   ORD686598: Elizabeth Harris has been added to the waiting queue at 06:39.
No.84   ORD591599: Henry Young has been added to the waiting queue at 06:39.
Flight HU509(Guangzhou) is ready for check-in at 06:40.
No.85   ORD744306: Mason Anderson has been added to the waiting queue at 06:40.
No.86   ORD785169: Scarlett Smith has been added to the waiting queue at 06:40.
No.87   ORD752723: Mason Jackson has been added to the waiting queue at 06:40.
No.88   ORD654386: Logan Robinson has been added to the waiting queue at 06:40.
No.89   ORD152134: Samuel Flores has been added to the waiting queue at 06:40.
No.90   ORD475846: Christopher Flores has been added to the waiting queue at 06:40.
No.91   ORD411769: Evelyn Hall has been added to the waiting queue at 06:40.
No.92   ORD330857: Amelia Jackson has been added to the waiting queue at 06:40.
No.93   ORD093533: Luke Baker has been added to the waiting queue at 06:40.
No.94   ORD478755: Isabelle Walker has been added to the waiting queue at 06:40.
No.95   ORD566694: Leah Green has been added to the waiting queue at 06:40.
No.96   ORD318369: Lily Jones has been added to the waiting queue at 06:40.
No.97   ORD155699: Natalie Phillips has been added to the waiting queue at 06:40.
No.98   ORD246896: Lucas Green has been added to the waiting queue at 06:40.
No.99   ORD295966: Amelia Gonzalez has been added to the waiting queue at 06:40.
No.53   ORD188811: Successfully check in at 06:40.
No.100  ORD128355: Charlotte Rodriguez has been added to the waiting queue at 06:41.
No.54   ORD240803: Successfully check in at 06:41.
No.55   ORD140386: Successfully check in at 06:41.
No.56   ORD316554: Successfully check in at 06:41.
No.57   ORD539041: Successfully check in at 06:42.
No.59   ORD423905: Successfully check in at 06:42.
No.58   ORD985085: Successfully check in at 06:42.
No.101  ORD341477: Henry Sanchez has been added to the waiting queue at 06:43.
No.60   ORD850443: Successfully check in at 06:43.
No.62   ORD304656: Successfully check in at 06:43.
No.61   ORD195322: Successfully check in at 06:43.
No.102  ORD408776: Oliver Anderson has been added to the waiting queue at 06:44.
No.103  ORD344354: Alexander Walker has been added to the waiting queue at 06:44.
No.63   ORD385024: Successfully check in at 06:44.
No.65   ORD632473: Successfully check in at 06:44.
No.64   ORD369942: Successfully check in at 06:44.
No.104  ORD365208: Alexander Lopez has been added to the waiting queue at 06:45.
No.105  ORD452777: Evelyn Carter has been added to the waiting queue at 06:45.
No.106  ORD435372: Liam Thompson has been added to the waiting queue at 06:45.
No.107  ORD192543: Lily Brown has been added to the waiting queue at 06:45.
No.66   ORD401970: Successfully check in at 06:45.
No.67   ORD118756: Successfully check in at 06:45.
No.68   ORD993240: Successfully check in at 06:45.
No.69   ORD210771: Successfully check in at 06:46.
No.71   ORD623755: Successfully check in at 06:46.
No.70   ORD705833: Successfully check in at 06:46.
No.108  ORD048590: Natalie Anderson has been added to the waiting queue at 06:47.
No.73   ORD150239: Successfully check in at 06:47.
No.72   ORD964837: Successfully check in at 06:47.
No.74   ORD889928: Successfully check in at 06:47.
No.109  ORD751023: Sophia Sanchez has been added to the waiting queue at 06:47.
No.75   ORD319782: Successfully check in at 06:47.
No.76   ORD716198: Successfully check in at 06:48.
No.77   ORD250389: Successfully check in at 06:48.
No.78   ORD423018: Successfully check in at 06:49.
No.79   ORD161669: Successfully check in at 06:49.
No.80   ORD252547: Successfully check in at 06:49.
No.81   ORD596259: Successfully check in at 06:50.
No.110  ORD511542: Leah Phillips has been added to the waiting queue at 06:50.
No.82   ORD470304: Successfully check in at 06:50.
No.83   ORD686598: Successfully check in at 06:50.
No.84   ORD591599: Successfully check in at 06:51.
No.111  ORD146927: Henry Ramirez has been added to the waiting queue at 06:51.
No.112  ORD781375: Alexander Adams has been added to the waiting queue at 06:51.
No.86   ORD785169: Successfully check in at 06:51.
No.85   ORD744306: Successfully check in at 06:51.
No.87   ORD752723: Successfully check in at 06:52.
No.113  ORD210118: Jane Smith has been added to the waiting queue at 06:52.
No.89   ORD152134: Successfully check in at 06:52.
No.88   ORD654386: Successfully check in at 06:52.
No.114  ORD792854: Emily Baker has been added to the waiting queue at 06:53.
No.91   ORD411769: Successfully check in at 06:53.
No.90   ORD475846: Successfully check in at 06:53.
No.92   ORD330857: Successfully check in at 06:53.
No.94   ORD478755: Successfully check in at 06:54.
No.95   ORD566694: Successfully check in at 06:54.
No.93   ORD093533: Successfully check in at 06:54.
No.96   ORD318369: Successfully check in at 06:55.
No.97   ORD155699: Successfully check in at 06:55.
No.115  ORD400217: Elizabeth Campbell has been added to the waiting queue at 06:55.
No.116  ORD562453: Gavin Evans has been added to the waiting queue at 06:55.
No.117  ORD514944: Amelia Hill has been added to the waiting queue at 06:55.
